Lyric video pipeline started: 2026-06-02T02:26:57.369Z
Command: npm run lyric-video -- --clean
Debug: off

[INPUT] Lyrics: E:\ai_test\imagevideo\input\63bd1bd9-2b7d-47e9-8271-984f2e0644b3-lyrics-suno-가사-다운로더.srt
[INPUT] Audio: E:\ai_test\imagevideo\input\환승역.mp3
[INPUT] Background image: E:\ai_test\imagevideo\input\bfd8fc36-97c8-4aaf-a71e-1453c9008172.jpeg

[START] Generate production_plan.json
Command: cmd.exe /d /s /c npm run plan

> lyric-video-generation-pipeline@1.0.0 plan
> node src/planner/generateProductionPlan.js

Production plan written to E:\ai_test\imagevideo\output\production_plan.json
[DONE] Generate production_plan.json (1.76s)
[OK] Verified output: E:\ai_test\imagevideo\output\production_plan.json (90266 bytes)

[START] Generate subtitles.ass
Command: cmd.exe /d /s /c npm run subtitles

> lyric-video-generation-pipeline@1.0.0 subtitles
> node src/subtitles/generateAssSubtitles.js

ASS subtitles written to E:\ai_test\imagevideo\output\subtitles.ass
[DONE] Generate subtitles.ass (1.20s)
[OK] Verified output: E:\ai_test\imagevideo\output\subtitles.ass (5091 bytes)

[START] Render FFmpeg typography video
Command: cmd.exe /d /s /c npm run render:typography

> lyric-video-generation-pipeline@1.0.0 render:typography
> node src/render/renderTypographyVideo.js

Typography video written to E:\ai_test\imagevideo\output\rendered_typography_video.mp4
[DONE] Render FFmpeg typography video (213.65s)
[OK] Verified output: E:\ai_test\imagevideo\output\rendered_typography_video.mp4 (15219194 bytes)

[START] Compose final MP4 with FFmpeg
Command: cmd.exe /d /s /c npm run compose -- --audio E:\ai_test\imagevideo\input\환승역.mp3 --no-subtitles

> lyric-video-generation-pipeline@1.0.0 compose
> node src/ffmpeg/composeFinalVideo.js --audio E:\ai_test\imagevideo\input\환승역.mp3 --no-subtitles

Final lyric video written to E:\ai_test\imagevideo\output\lyric_video.mp4
[DONE] Compose final MP4 with FFmpeg (61.06s)
[OK] Verified output: E:\ai_test\imagevideo\output\lyric_video.mp4 (23423389 bytes)

[SUCCESS] Pipeline completed in 278.50s
[SUCCESS] Final output: E:\ai_test\imagevideo\output\lyric_video.mp4 (23423389 bytes)
[SUCCESS] Media validation: 1920x1080, h264, aac, 195.967s
