
> remotion-lyric-video@1.0.0 dev
> remotion studio src/index.ts --port 3000

Server ready - Local: [4mhttp://localhost:3000[24m, Network: [4mhttp://110.9.68.64:3000[24m
Building...
Built in 3894ms
To restart - Local: [4mhttp://localhost:3000[24m, Network: [4mhttp://110.9.68.64:3000[24m
Building...
Built in 448ms
To restart - Local: [4mhttp://localhost:3000[24m, Network: [4mhttp://110.9.68.64:3000[24m
To restart - Local: [4mhttp://localhost:3000[24m, Network: [4mhttp://110.9.68.64:3000[24m
Building...
Built in 459ms
Building...
Built in 333ms
Building...
Built in 338ms
To restart - Local: [4mhttp://localhost:3000[24m, Network: [4mhttp://110.9.68.64:3000[24m
Building...
Built in 335ms
Building...
Built in 375ms
To restart - Local: [4mhttp://localhost:3000[24m, Network: [4mhttp://110.9.68.64:3000[24m
Building...
Built in 362ms
To restart - Local: [4mhttp://localhost:3000[24m, Network: [4mhttp://110.9.68.64:3000[24m
Building...
Built in 455ms
To restart - Local: [4mhttp://localhost:3000[24m, Network: [4mhttp://110.9.68.64:3000[24m
Building...
Built in 373ms
Building...
Built in 334ms
To restart - Local: [4mhttp://localhost:3000[24m, Network: [4mhttp://110.9.68.64:3000[24m
Building...
Built in 679ms
Building...
Built in 241ms
Building...
Built in 122ms
Building...
Built in 362ms
Building...
Built in 90ms
Building...
Built in 92ms
Building...
Built in 70ms
Building...
Built in 347ms
Building...
Built in 267ms
Building...
Built in 397ms
Building...
Built in 182ms
Building...
Built in 71ms
Building...
Built in 93ms
Building...
Built in 275ms
Building...
Built in 67ms
To restart - Local: [4mhttp://localhost:3000[24m, Network: [4mhttp://110.9.68.64:3000[24m
Building...
Built in 113ms
Building...
Built in 416ms
Building...
Built in 342ms
Building...
Built in 106ms
Building...
Built in 112ms
Building...
Built in 72ms
Building...
Built in 113ms
Building...
Built in 90ms
To restart - Local: [4mhttp://localhost:3000[24m, Network: [4mhttp://110.9.68.64:3000[24m
Building...
Built in 354ms
Building...
Built in 512ms
Building...
Built in 371ms
Building...
Built in 97ms
Building...
Built in 174ms
Building...
Built in 106ms
Building...
Built in 71ms
To restart - Local: [4mhttp://localhost:3000[24m, Network: [4mhttp://110.9.68.64:3000[24m
Building...
Built in 416ms
Building...
Built in 105ms
Building...
Built in 94ms
Building...
Built in 112ms
To restart - Local: [4mhttp://localhost:3000[24m, Network: [4mhttp://110.9.68.64:3000[24m
